2014-09-22 15:14:41,791 addnameservice.py[line:28] INFO getting namenodefileconf/namenode/hdfs-site.xml
2014-09-22 15:16:15,859 addnameservice.py[line:28] INFO getting namenodefileconf/namenode/hdfs-site.xml
2014-09-22 15:17:12,559 addnameservice.py[line:28] INFO getting namenodefile: conf/namenode/hdfs-site.xml
2014-09-22 15:17:59,647 addnameservice.py[line:28] INFO getting namenodefile: conf/namenode/hdfs-site.xml
2014-09-22 15:18:52,930 addnameservice.py[line:28] INFO getting namenodefile: conf/namenode/hdfs-site.xml
2014-09-22 15:19:05,185 addnameservice.py[line:28] INFO getting namenodefile: conf/namenode/hdfs-site.xml
2014-09-22 15:19:54,826 addnameservice.py[line:28] INFO getting namenodefile: conf/namenode/hdfs-site.xml
2014-09-22 15:20:12,697 addnameservice.py[line:28] INFO getting namenodefile: conf/namenode/hdfs-site.xml
2014-09-22 15:26:16,027 addnameservice.py[line:28] INFO getting namenodefile: conf/namenode/hdfs-site.xml
2014-09-22 15:26:34,784 addnameservice.py[line:28] INFO getting namenodefile: conf/namenode/hdfs-site.xml
2014-09-22 15:47:36,267 addnameservice.py[line:28] INFO getting namenodefile: conf/namenode/hdfs-site.xml
2014-09-22 15:49:16,498 addnameservice.py[line:28] INFO getting namenodefile: conf/namenode/hdfs-site.xml
2014-09-22 15:49:16,498 addnameservice.py[line:63] WARNING 输入的参数有误！使用 addns -h 查看具体使用
2014-09-22 15:49:43,537 addnameservice.py[line:28] INFO getting namenodefile: conf/namenode/hdfs-site.xml
2014-09-22 15:49:43,538 addnameservice.py[line:45] INFO nameservice已经存在！
2014-09-22 15:50:41,149 addnameservice.py[line:28] INFO getting namenodefile: conf/namenode/hdfs-site.xml
2014-09-22 15:50:41,149 addnameservice.py[line:45] WARNING nameservice已经存在！
2014-09-22 15:51:03,554 addnameservice.py[line:28] INFO getting namenodefile: conf/namenode/hdfs-site.xml
2014-09-22 15:51:03,555 addnameservice.py[line:68] INFO 正在创建conf/ns3
2014-09-22 16:03:44,178 addnameservice.py[line:28] INFO getting namenodefile: conf/namenode/hdfs-site.xml
2014-09-22 16:03:44,179 addnameservice.py[line:106] ERROR 'builtin_function_or_method' object is not iterable
2014-09-22 16:04:02,735 addnameservice.py[line:28] INFO getting namenodefile: conf/namenode/hdfs-site.xml
2014-09-22 16:04:02,736 addnameservice.py[line:106] ERROR can only concatenate list (not "str") to list
2014-09-22 16:04:14,265 addnameservice.py[line:28] INFO getting namenodefile: conf/namenode/hdfs-site.xml
2014-09-22 16:50:03,760 addnameservice.py[line:28] INFO getting namenodefile: conf/namenode/hdfs-site.xml
2014-09-22 16:51:40,842 addnameservice.py[line:28] INFO getting namenodefile: conf/namenode/hdfs-site.xml
2014-09-22 16:52:07,536 addnameservice.py[line:28] INFO getting namenodefile: conf/namenode/hdfs-site.xml
2014-09-22 16:53:02,217 addnameservice.py[line:28] INFO getting namenodefile: conf/namenode/hdfs-site.xml
2014-09-22 16:53:07,754 addnameservice.py[line:28] INFO getting namenodefile: conf/namenode/hdfs-site.xml
2014-09-22 16:53:42,970 addnameservice.py[line:28] INFO getting namenodefile: conf/namenode/hdfs-site.xml
2014-09-22 16:53:54,289 addnameservice.py[line:28] INFO getting namenodefile: conf/namenode/hdfs-site.xml
2014-09-22 16:54:07,800 addnameservice.py[line:28] INFO getting namenodefile: conf/namenode/hdfs-site.xml
2014-09-22 17:00:11,966 addnameservice.py[line:28] INFO getting namenodefile: conf/namenode/hdfs-site.xml
2014-09-22 17:00:15,516 addnameservice.py[line:28] INFO getting namenodefile: conf/namenode/hdfs-site.xml
2014-09-22 17:02:16,085 addnameservice.py[line:28] INFO getting namenodefile: conf/namenode/hdfs-site.xml
2014-09-22 17:05:40,825 addnameservice.py[line:28] INFO getting namenodefile: conf/namenode/hdfs-site.xml
2014-09-22 17:05:40,826 addnameservice.py[line:137] ERROR global name 'namenodes' is not defined
2014-09-22 17:09:08,617 addnameservice.py[line:28] INFO getting namenodefile: conf/namenode/hdfs-site.xml
2014-09-22 17:09:08,618 addnameservice.py[line:136] ERROR global name 'hdfsconf' is not defined
2014-09-22 17:09:32,633 addnameservice.py[line:28] INFO getting namenodefile: conf/namenode/hdfs-site.xml
2014-09-23 10:49:53,070 addnameservice.py[line:28] INFO getting namenodefile: conf/namenode/hdfs-site.xml
2014-09-23 10:49:57,034 addnameservice.py[line:28] INFO getting namenodefile: conf/namenode/hdfs-site.xml
2014-09-23 20:03:06,446 addnameservice.py[line:37] INFO getting namenodefile: conf/namenode/hdfs-site.xml
2014-09-23 20:03:09,055 addnameservice.py[line:37] INFO getting namenodefile: conf/namenode/hdfs-site.xml
2014-09-23 20:03:18,395 addnameservice.py[line:37] INFO getting namenodefile: conf/namenode/hdfs-site.xml
2014-09-23 20:03:18,395 addnameservice.py[line:80] WARNING 输入的参数有误！使用 addns -h 查看具体使用
2014-09-24 09:27:18,764 addnameservice.py[line:37] INFO getting namenodefile: conf/namenode/hdfs-site.xml
2014-09-24 09:27:18,773 addnameservice.py[line:224] ERROR 'bool' object is not iterable
2014-09-24 09:27:32,416 addnameservice.py[line:37] INFO getting namenodefile: conf/namenode/hdfs-site.xml
2014-09-24 09:27:56,715 addnameservice.py[line:37] INFO getting namenodefile: conf/namenode/hdfs-site.xml
2014-09-24 09:41:02,107 addnameservice.py[line:37] INFO getting namenodefile: conf/namenode/hdfs-site.xml
2014-09-24 09:41:42,973 addnameservice.py[line:37] INFO getting namenodefile: conf/namenode/hdfs-site.xml
2014-09-24 10:54:33,888 nameservice.py[line:38] INFO getting namenodefile: conf/namenode/hdfs-site.xml
2014-09-24 10:55:24,217 nameservice.py[line:38] INFO getting namenodefile: conf/namenode/hdfs-site.xml
